2018-01-03 17:42:43,083 [http-bio-8081-exec-7] [com.taotao.mapper.TbItemCatMapper.selectByExample]-[DEBUG] ==> Parameters: 503(Long)
2018-01-03 17:42:43,085 [http-bio-8081-exec-7] [com.taotao.mapper.TbItemCatMapper.selectByExample]-[DEBUG] <==      Total: 5
2018-01-03 17:42:43,085 [http-bio-8081-exec-7] [org.mybatis.spring.SqlSessionUtils]-[DEBUG] Releasing transactional SqlSession [org.apache.ibatis.session.defaults.DefaultSqlSession@5cb2b47b]
2018-01-03 17:42:43,085 [http-bio-8081-exec-7] [org.mybatis.spring.SqlSessionUtils]-[DEBUG] Fetched SqlSession [org.apache.ibatis.session.defaults.DefaultSqlSession@5cb2b47b] from current transaction
2018-01-03 17:42:43,086 [http-bio-8081-exec-7] [com.taotao.mapper.TbItemCatMapper.selectByExample]-[DEBUG] ==>  Preparing: select id, parent_id, name, status, sort_order, is_parent, created, updated from tb_item_cat WHERE ( parent_id = ? ) 
2018-01-03 17:42:43,086 [http-bio-8081-exec-7] [com.taotao.mapper.TbItemCatMapper.selectByExample]-[DEBUG] ==> Parameters: 509(Long)
2018-01-03 17:42:43,090 [http-bio-8081-exec-7] [com.taotao.mapper.TbItemCatMapper.selectByExample]-[DEBUG] <==      Total: 2
2018-01-03 17:42:43,090 [http-bio-8081-exec-7] [org.mybatis.spring.SqlSessionUtils]-[DEBUG] Releasing transactional SqlSession [org.apache.ibatis.session.defaults.DefaultSqlSession@5cb2b47b]
2018-01-03 17:42:43,090 [http-bio-8081-exec-7] [org.mybatis.spring.SqlSessionUtils]-[DEBUG] Fetched SqlSession [org.apache.ibatis.session.defaults.DefaultSqlSession@5cb2b47b] from current transaction
2018-01-03 17:42:43,091 [http-bio-8081-exec-7] [com.taotao.mapper.TbItemCatMapper.selectByExample]-[DEBUG] ==>  Preparing: select id, parent_id, name, status, sort_order, is_parent, created, updated from tb_item_cat WHERE ( parent_id = ? ) 
2018-01-03 17:42:43,092 [http-bio-8081-exec-7] [com.taotao.mapper.TbItemCatMapper.selectByExample]-[DEBUG] ==> Parameters: 512(Long)
2018-01-03 17:42:43,093 [http-bio-8081-exec-7] [com.taotao.mapper.TbItemCatMapper.selectByExample]-[DEBUG] <==      Total: 3
2018-01-03 17:42:43,094 [http-bio-8081-exec-7] [org.mybatis.spring.SqlSessionUtils]-[DEBUG] Releasing transactional SqlSession [org.apache.ibatis.session.defaults.DefaultSqlSession@5cb2b47b]
2018-01-03 17:42:43,094 [http-bio-8081-exec-7] [org.mybatis.spring.SqlSessionUtils]-[DEBUG] Fetched SqlSession [org.apache.ibatis.session.defaults.DefaultSqlSession@5cb2b47b] from current transaction
2018-01-03 17:42:43,095 [http-bio-8081-exec-7] [com.taotao.mapper.TbItemCatMapper.selectByExample]-[DEBUG] ==>  Preparing: select id, parent_id, name, status, sort_order, is_parent, created, updated from tb_item_cat WHERE ( parent_id = ? ) 
2018-01-03 17:42:43,095 [http-bio-8081-exec-7] [com.taotao.mapper.TbItemCatMapper.selectByExample]-[DEBUG] ==> Parameters: 516(Long)
2018-01-03 17:42:43,096 [http-bio-8081-exec-7] [com.taotao.mapper.TbItemCatMapper.selectByExample]-[DEBUG] <==      Total: 3
2018-01-03 17:42:43,097 [http-bio-8081-exec-7] [org.mybatis.spring.SqlSessionUtils]-[DEBUG] Releasing transactional SqlSession [org.apache.ibatis.session.defaults.DefaultSqlSession@5cb2b47b]
2018-01-03 17:42:43,097 [http-bio-8081-exec-7] [org.mybatis.spring.SqlSessionUtils]-[DEBUG] Fetched SqlSession [org.apache.ibatis.session.defaults.DefaultSqlSession@5cb2b47b] from current transaction
2018-01-03 17:42:43,098 [http-bio-8081-exec-7] [com.taotao.mapper.TbItemCatMapper.selectByExample]-[DEBUG] ==>  Preparing: select id, parent_id, name, status, sort_order, is_parent, created, updated from tb_item_cat WHERE ( parent_id = ? ) 
2018-01-03 17:42:43,099 [http-bio-8081-exec-7] [com.taotao.mapper.TbItemCatMapper.selectByExample]-[DEBUG] ==> Parameters: 520(Long)
2018-01-03 17:42:43,101 [http-bio-8081-exec-7] [com.taotao.mapper.TbItemCatMapper.selectByExample]-[DEBUG] <==      Total: 4
2018-01-03 17:42:43,102 [http-bio-8081-exec-7] [org.mybatis.spring.SqlSessionUtils]-[DEBUG] Releasing transactional SqlSession [org.apache.ibatis.session.defaults.DefaultSqlSession@5cb2b47b]
2018-01-03 17:42:43,102 [http-bio-8081-exec-7] [org.mybatis.spring.SqlSessionUtils]-[DEBUG] Fetched SqlSession [org.apache.ibatis.session.defaults.DefaultSqlSession@5cb2b47b] from current transaction
2018-01-03 17:42:43,102 [http-bio-8081-exec-7] [com.taotao.mapper.TbItemCatMapper.selectByExample]-[DEBUG] ==>  Preparing: select id, parent_id, name, status, sort_order, is_parent, created, updated from tb_item_cat WHERE ( parent_id = ? ) 
2018-01-03 17:42:43,102 [http-bio-8081-exec-7] [com.taotao.mapper.TbItemCatMapper.selectByExample]-[DEBUG] ==> Parameters: 525(Long)
2018-01-03 17:42:43,104 [http-bio-8081-exec-7] [com.taotao.mapper.TbItemCatMapper.selectByExample]-[DEBUG] <==      Total: 3
2018-01-03 17:42:43,104 [http-bio-8081-exec-7] [org.mybatis.spring.SqlSessionUtils]-[DEBUG] Releasing transactional SqlSession [org.apache.ibatis.session.defaults.DefaultSqlSession@5cb2b47b]
2018-01-03 17:42:43,104 [http-bio-8081-exec-7] [org.mybatis.spring.SqlSessionUtils]-[DEBUG] Fetched SqlSession [org.apache.ibatis.session.defaults.DefaultSqlSession@5cb2b47b] from current transaction
2018-01-03 17:42:43,107 [http-bio-8081-exec-7] [com.taotao.mapper.TbItemCatMapper.selectByExample]-[DEBUG] ==>  Preparing: select id, parent_id, name, status, sort_order, is_parent, created, updated from tb_item_cat WHERE ( parent_id = ? ) 
2018-01-03 17:42:43,108 [http-bio-8081-exec-7] [com.taotao.mapper.TbItemCatMapper.selectByExample]-[DEBUG] ==> Parameters: 529(Long)
2018-01-03 17:42:43,109 [http-bio-8081-exec-7] [com.taotao.mapper.TbItemCatMapper.selectByExample]-[DEBUG] <==      Total: 4
2018-01-03 17:42:43,109 [http-bio-8081-exec-7] [org.mybatis.spring.SqlSessionUtils]-[DEBUG] Releasing transactional SqlSession [org.apache.ibatis.session.defaults.DefaultSqlSession@5cb2b47b]
2018-01-03 17:42:43,110 [http-bio-8081-exec-7] [org.mybatis.spring.SqlSessionUtils]-[DEBUG] Fetched SqlSession [org.apache.ibatis.session.defaults.DefaultSqlSession@5cb2b47b] from current transaction
2018-01-03 17:42:43,110 [http-bio-8081-exec-7] [com.taotao.mapper.TbItemCatMapper.selectByExample]-[DEBUG] ==>  Preparing: select id, parent_id, name, status, sort_order, is_parent, created, updated from tb_item_cat WHERE ( parent_id = ? ) 
2018-01-03 17:42:43,111 [http-bio-8081-exec-7] [com.taotao.mapper.TbItemCatMapper.selectByExample]-[DEBUG] ==> Parameters: 534(Long)
2018-01-03 17:42:43,113 [http-bio-8081-exec-7] [com.taotao.mapper.TbItemCatMapper.selectByExample]-[DEBUG] <==      Total: 4
2018-01-03 17:42:43,113 [http-bio-8081-exec-7] [org.mybatis.spring.SqlSessionUtils]-[DEBUG] Releasing transactional SqlSession [org.apache.ibatis.session.defaults.DefaultSqlSession@5cb2b47b]
2018-01-03 17:42:43,113 [http-bio-8081-exec-7] [org.mybatis.spring.SqlSessionUtils]-[DEBUG] Fetched SqlSession [org.apache.ibatis.session.defaults.DefaultSqlSession@5cb2b47b] from current transaction
2018-01-03 17:42:43,113 [http-bio-8081-exec-7] [com.taotao.mapper.TbItemCatMapper.selectByExample]-[DEBUG] ==>  Preparing: select id, parent_id, name, status, sort_order, is_parent, created, updated from tb_item_cat WHERE ( parent_id = ? ) 
2018-01-03 17:42:43,113 [http-bio-8081-exec-7] [com.taotao.mapper.TbItemCatMapper.selectByExample]-[DEBUG] ==> Parameters: 539(Long)
2018-01-03 17:42:43,114 [http-bio-8081-exec-7] [com.taotao.mapper.TbItemCatMapper.selectByExample]-[DEBUG] <==      Total: 3
2018-01-03 17:42:43,114 [http-bio-8081-exec-7] [org.mybatis.spring.SqlSessionUtils]-[DEBUG] Releasing transactional SqlSession [org.apache.ibatis.session.defaults.DefaultSqlSession@5cb2b47b]
2018-01-03 17:42:43,115 [http-bio-8081-exec-7] [org.mybatis.spring.SqlSessionUtils]-[DEBUG] Fetched SqlSession [org.apache.ibatis.session.defaults.DefaultSqlSession@5cb2b47b] from current transaction
2018-01-03 17:42:43,115 [http-bio-8081-exec-7] [com.taotao.mapper.TbItemCatMapper.selectByExample]-[DEBUG] ==>  Preparing: select id, parent_id, name, status, sort_order, is_parent, created, updated from tb_item_cat WHERE ( parent_id = ? ) 
2018-01-03 17:42:43,115 [http-bio-8081-exec-7] [com.taotao.mapper.TbItemCatMapper.selectByExample]-[DEBUG] ==> Parameters: 543(Long)
2018-01-03 17:42:43,116 [http-bio-8081-exec-7] [com.taotao.mapper.TbItemCatMapper.selectByExample]-[DEBUG] <==      Total: 2
2018-01-03 17:42:43,116 [http-bio-8081-exec-7] [org.mybatis.spring.SqlSessionUtils]-[DEBUG] Releasing transactional SqlSession [org.apache.ibatis.session.defaults.DefaultSqlSession@5cb2b47b]
2018-01-03 17:42:43,116 [http-bio-8081-exec-7] [org.mybatis.spring.SqlSessionUtils]-[DEBUG] Fetched SqlSession [org.apache.ibatis.session.defaults.DefaultSqlSession@5cb2b47b] from current transaction
2018-01-03 17:42:43,116 [http-bio-8081-exec-7] [com.taotao.mapper.TbItemCatMapper.selectByExample]-[DEBUG] ==>  Preparing: select id, parent_id, name, status, sort_order, is_parent, created, updated from tb_item_cat WHERE ( parent_id = ? ) 
2018-01-03 17:42:43,116 [http-bio-8081-exec-7] [com.taotao.mapper.TbItemCatMapper.selectByExample]-[DEBUG] ==> Parameters: 546(Long)
2018-01-03 17:42:43,118 [http-bio-8081-exec-7] [com.taotao.mapper.TbItemCatMapper.selectByExample]-[DEBUG] <==      Total: 11
2018-01-03 17:42:43,118 [http-bio-8081-exec-7] [org.mybatis.spring.SqlSessionUtils]-[DEBUG] Releasing transactional SqlSession [org.apache.ibatis.session.defaults.DefaultSqlSession@5cb2b47b]
2018-01-03 17:42:43,118 [http-bio-8081-exec-7] [org.mybatis.spring.SqlSessionUtils]-[DEBUG] Fetched SqlSession [org.apache.ibatis.session.defaults.DefaultSqlSession@5cb2b47b] from current transaction
2018-01-03 17:42:43,119 [http-bio-8081-exec-7] [com.taotao.mapper.TbItemCatMapper.selectByExample]-[DEBUG] ==>  Preparing: select id, parent_id, name, status, sort_order, is_parent, created, updated from tb_item_cat WHERE ( parent_id = ? ) 
2018-01-03 17:42:43,119 [http-bio-8081-exec-7] [com.taotao.mapper.TbItemCatMapper.selectByExample]-[DEBUG] ==> Parameters: 558(Long)
2018-01-03 17:42:43,123 [http-bio-8081-exec-7] [com.taotao.mapper.TbItemCatMapper.selectByExample]-[DEBUG] <==      Total: 3
2018-01-03 17:42:43,124 [http-bio-8081-exec-7] [org.mybatis.spring.SqlSessionUtils]-[DEBUG] Releasing transactional SqlSession [org.apache.ibatis.session.defaults.DefaultSqlSession@5cb2b47b]
2018-01-03 17:42:43,124 [http-bio-8081-exec-7] [org.mybatis.spring.SqlSessionUtils]-[DEBUG] Fetched SqlSession [org.apache.ibatis.session.defaults.DefaultSqlSession@5cb2b47b] from current transaction
2018-01-03 17:42:43,126 [http-bio-8081-exec-7] [com.taotao.mapper.TbItemCatMapper.selectByExample]-[DEBUG] ==>  Preparing: select id, parent_id, name, status, sort_order, is_parent, created, updated from tb_item_cat WHERE ( parent_id = ? ) 
2018-01-03 17:42:43,127 [http-bio-8081-exec-7] [com.taotao.mapper.TbItemCatMapper.selectByExample]-[DEBUG] ==> Parameters: 559(Long)
2018-01-03 17:42:43,130 [http-bio-8081-exec-7] [com.taotao.mapper.TbItemCatMapper.selectByExample]-[DEBUG] <==      Total: 2
2018-01-03 17:42:43,130 [http-bio-8081-exec-7] [org.mybatis.spring.SqlSessionUtils]-[DEBUG] Releasing transactional SqlSession [org.apache.ibatis.session.defaults.DefaultSqlSession@5cb2b47b]
2018-01-03 17:42:43,130 [http-bio-8081-exec-7] [org.mybatis.spring.SqlSessionUtils]-[DEBUG] Fetched SqlSession [org.apache.ibatis.session.defaults.DefaultSqlSession@5cb2b47b] from current transaction
2018-01-03 17:42:43,131 [http-bio-8081-exec-7] [com.taotao.mapper.TbItemCatMapper.selectByExample]-[DEBUG] ==>  Preparing: select id, parent_id, name, status, sort_order, is_parent, created, updated from tb_item_cat WHERE ( parent_id = ? ) 
2018-01-03 17:42:43,132 [http-bio-8081-exec-7] [com.taotao.mapper.TbItemCatMapper.selectByExample]-[DEBUG] ==> Parameters: 562(Long)
2018-01-03 17:42:43,135 [http-bio-8081-exec-7] [com.taotao.mapper.TbItemCatMapper.selectByExample]-[DEBUG] <==      Total: 4
2018-01-03 17:42:43,135 [http-bio-8081-exec-7] [org.mybatis.spring.SqlSessionUtils]-[DEBUG] Releasing transactional SqlSession [org.apache.ibatis.session.defaults.DefaultSqlSession@5cb2b47b]
2018-01-03 17:42:43,135 [http-bio-8081-exec-7] [org.mybatis.spring.SqlSessionUtils]-[DEBUG] Fetched SqlSession [org.apache.ibatis.session.defaults.DefaultSqlSession@5cb2b47b] from current transaction
2018-01-03 17:42:43,136 [http-bio-8081-exec-7] [com.taotao.mapper.TbItemCatMapper.selectByExample]-[DEBUG] ==>  Preparing: select id, parent_id, name, status, sort_order, is_parent, created, updated from tb_item_cat WHERE ( parent_id = ? ) 
2018-01-03 17:42:43,136 [http-bio-8081-exec-7] [com.taotao.mapper.TbItemCatMapper.selectByExample]-[DEBUG] ==> Parameters: 567(Long)
2018-01-03 17:42:43,142 [http-bio-8081-exec-7] [com.taotao.mapper.TbItemCatMapper.selectByExample]-[DEBUG] <==      Total: 12
2018-01-03 17:42:43,142 [http-bio-8081-exec-7] [org.mybatis.spring.SqlSessionUtils]-[DEBUG] Releasing transactional SqlSession [org.apache.ibatis.session.defaults.DefaultSqlSession@5cb2b47b]
2018-01-03 17:42:43,142 [http-bio-8081-exec-7] [org.mybatis.spring.SqlSessionUtils]-[DEBUG] Fetched SqlSession [org.apache.ibatis.session.defaults.DefaultSqlSession@5cb2b47b] from current transaction
2018-01-03 17:42:43,142 [http-bio-8081-exec-7] [com.taotao.mapper.TbItemCatMapper.selectByExample]-[DEBUG] ==>  Preparing: select id, parent_id, name, status, sort_order, is_parent, created, updated from tb_item_cat WHERE ( parent_id = ? ) 
2018-01-03 17:42:43,143 [http-bio-8081-exec-7] [com.taotao.mapper.TbItemCatMapper.selectByExample]-[DEBUG] ==> Parameters: 580(Long)
2018-01-03 17:42:43,144 [http-bio-8081-exec-7] [com.taotao.mapper.TbItemCatMapper.selectByExample]-[DEBUG] <==      Total: 5
2018-01-03 17:42:43,144 [http-bio-8081-exec-7] [org.mybatis.spring.SqlSessionUtils]-[DEBUG] Releasing transactional SqlSession [org.apache.ibatis.session.defaults.DefaultSqlSession@5cb2b47b]
2018-01-03 17:42:43,144 [http-bio-8081-exec-7] [org.mybatis.spring.SqlSessionUtils]-[DEBUG] Fetched SqlSession [org.apache.ibatis.session.defaults.DefaultSqlSession@5cb2b47b] from current transaction
2018-01-03 17:42:43,144 [http-bio-8081-exec-7] [com.taotao.mapper.TbItemCatMapper.selectByExample]-[DEBUG] ==>  Preparing: select id, parent_id, name, status, sort_order, is_parent, created, updated from tb_item_cat WHERE ( parent_id = ? ) 
2018-01-03 17:42:43,144 [http-bio-8081-exec-7] [com.taotao.mapper.TbItemCatMapper.selectByExample]-[DEBUG] ==> Parameters: 581(Long)
2018-01-03 17:42:43,146 [http-bio-8081-exec-7] [com.taotao.mapper.TbItemCatMapper.selectByExample]-[DEBUG] <==      Total: 9
2018-01-03 17:42:43,146 [http-bio-8081-exec-7] [org.mybatis.spring.SqlSessionUtils]-[DEBUG] Releasing transactional SqlSession [org.apache.ibatis.session.defaults.DefaultSqlSession@5cb2b47b]
2018-01-03 17:42:43,146 [http-bio-8081-exec-7] [org.mybatis.spring.SqlSessionUtils]-[DEBUG] Fetched SqlSession [org.apache.ibatis.session.defaults.DefaultSqlSession@5cb2b47b] from current transaction
2018-01-03 17:42:43,146 [http-bio-8081-exec-7] [com.taotao.mapper.TbItemCatMapper.selectByExample]-[DEBUG] ==>  Preparing: select id, parent_id, name, status, sort_order, is_parent, created, updated from tb_item_cat WHERE ( parent_id = ? ) 
2018-01-03 17:42:43,146 [http-bio-8081-exec-7] [com.taotao.mapper.TbItemCatMapper.selectByExample]-[DEBUG] ==> Parameters: 591(Long)
2018-01-03 17:42:43,147 [http-bio-8081-exec-7] [com.taotao.mapper.TbItemCatMapper.selectByExample]-[DEBUG] <==      Total: 12
2018-01-03 17:42:43,148 [http-bio-8081-exec-7] [org.mybatis.spring.SqlSessionUtils]-[DEBUG] Releasing transactional SqlSession [org.apache.ibatis.session.defaults.DefaultSqlSession@5cb2b47b]
2018-01-03 17:42:43,148 [http-bio-8081-exec-7] [org.mybatis.spring.SqlSessionUtils]-[DEBUG] Fetched SqlSession [org.apache.ibatis.session.defaults.DefaultSqlSession@5cb2b47b] from current transaction
2018-01-03 17:42:43,148 [http-bio-8081-exec-7] [com.taotao.mapper.TbItemCatMapper.selectByExample]-[DEBUG] ==>  Preparing: select id, parent_id, name, status, sort_order, is_parent, created, updated from tb_item_cat WHERE ( parent_id = ? ) 
2018-01-03 17:42:43,148 [http-bio-8081-exec-7] [com.taotao.mapper.TbItemCatMapper.selectByExample]-[DEBUG] ==> Parameters: 604(Long)
2018-01-03 17:42:43,149 [http-bio-8081-exec-7] [com.taotao.mapper.TbItemCatMapper.selectByExample]-[DEBUG] <==      Total: 9
2018-01-03 17:42:43,149 [http-bio-8081-exec-7] [org.mybatis.spring.SqlSessionUtils]-[DEBUG] Releasing transactional SqlSession [org.apache.ibatis.session.defaults.DefaultSqlSession@5cb2b47b]
2018-01-03 17:42:43,149 [http-bio-8081-exec-7] [org.mybatis.spring.SqlSessionUtils]-[DEBUG] Fetched SqlSession [org.apache.ibatis.session.defaults.DefaultSqlSession@5cb2b47b] from current transaction
2018-01-03 17:42:43,150 [http-bio-8081-exec-7] [com.taotao.mapper.TbItemCatMapper.selectByExample]-[DEBUG] ==>  Preparing: select id, parent_id, name, status, sort_order, is_parent, created, updated from tb_item_cat WHERE ( parent_id = ? ) 
2018-01-03 17:42:43,150 [http-bio-8081-exec-7] [com.taotao.mapper.TbItemCatMapper.selectByExample]-[DEBUG] ==> Parameters: 614(Long)
2018-01-03 17:42:43,151 [http-bio-8081-exec-7] [com.taotao.mapper.TbItemCatMapper.selectByExample]-[DEBUG] <==      Total: 10
2018-01-03 17:42:43,151 [http-bio-8081-exec-7] [org.mybatis.spring.SqlSessionUtils]-[DEBUG] Releasing transactional SqlSession [org.apache.ibatis.session.defaults.DefaultSqlSession@5cb2b47b]
2018-01-03 17:42:43,151 [http-bio-8081-exec-7] [org.mybatis.spring.SqlSessionUtils]-[DEBUG] Fetched SqlSession [org.apache.ibatis.session.defaults.DefaultSqlSession@5cb2b47b] from current transaction
2018-01-03 17:42:43,152 [http-bio-8081-exec-7] [com.taotao.mapper.TbItemCatMapper.selectByExample]-[DEBUG] ==>  Preparing: select id, parent_id, name, status, sort_order, is_parent, created, updated from tb_item_cat WHERE ( parent_id = ? ) 
2018-01-03 17:42:43,152 [http-bio-8081-exec-7] [com.taotao.mapper.TbItemCatMapper.selectByExample]-[DEBUG] ==> Parameters: 625(Long)
2018-01-03 17:42:43,153 [http-bio-8081-exec-7] [com.taotao.mapper.TbItemCatMapper.selectByExample]-[DEBUG] <==      Total: 7
2018-01-03 17:42:43,153 [http-bio-8081-exec-7] [org.mybatis.spring.SqlSessionUtils]-[DEBUG] Releasing transactional SqlSession [org.apache.ibatis.session.defaults.DefaultSqlSession@5cb2b47b]
2018-01-03 17:42:43,153 [http-bio-8081-exec-7] [org.mybatis.spring.SqlSessionUtils]-[DEBUG] Fetched SqlSession [org.apache.ibatis.session.defaults.DefaultSqlSession@5cb2b47b] from current transaction
2018-01-03 17:42:43,154 [http-bio-8081-exec-7] [com.taotao.mapper.TbItemCatMapper.selectByExample]-[DEBUG] ==>  Preparing: select id, parent_id, name, status, sort_order, is_parent, created, updated from tb_item_cat WHERE ( parent_id = ? ) 
2018-01-03 17:42:43,154 [http-bio-8081-exec-7] [com.taotao.mapper.TbItemCatMapper.selectByExample]-[DEBUG] ==> Parameters: 633(Long)
2018-01-03 17:42:43,157 [http-bio-8081-exec-7] [com.taotao.mapper.TbItemCatMapper.selectByExample]-[DEBUG] <==      Total: 6
2018-01-03 17:42:43,157 [http-bio-8081-exec-7] [org.mybatis.spring.SqlSessionUtils]-[DEBUG] Releasing transactional SqlSession [org.apache.ibatis.session.defaults.DefaultSqlSession@5cb2b47b]
2018-01-03 17:42:43,157 [http-bio-8081-exec-7] [org.mybatis.spring.SqlSessionUtils]-[DEBUG] Fetched SqlSession [org.apache.ibatis.session.defaults.DefaultSqlSession@5cb2b47b] from current transaction
2018-01-03 17:42:43,159 [http-bio-8081-exec-7] [com.taotao.mapper.TbItemCatMapper.selectByExample]-[DEBUG] ==>  Preparing: select id, parent_id, name, status, sort_order, is_parent, created, updated from tb_item_cat WHERE ( parent_id = ? ) 
2018-01-03 17:42:43,159 [http-bio-8081-exec-7] [com.taotao.mapper.TbItemCatMapper.selectByExample]-[DEBUG] ==> Parameters: 634(Long)
2018-01-03 17:42:43,162 [http-bio-8081-exec-7] [com.taotao.mapper.TbItemCatMapper.selectByExample]-[DEBUG] <==      Total: 13
2018-01-03 17:42:43,163 [http-bio-8081-exec-7] [org.mybatis.spring.SqlSessionUtils]-[DEBUG] Releasing transactional SqlSession [org.apache.ibatis.session.defaults.DefaultSqlSession@5cb2b47b]
2018-01-03 17:42:43,163 [http-bio-8081-exec-7] [org.mybatis.spring.SqlSessionUtils]-[DEBUG] Fetched SqlSession [org.apache.ibatis.session.defaults.DefaultSqlSession@5cb2b47b] from current transaction
2018-01-03 17:42:43,164 [http-bio-8081-exec-7] [com.taotao.mapper.TbItemCatMapper.selectByExample]-[DEBUG] ==>  Preparing: select id, parent_id, name, status, sort_order, is_parent, created, updated from tb_item_cat WHERE ( parent_id = ? ) 
2018-01-03 17:42:43,165 [http-bio-8081-exec-7] [com.taotao.mapper.TbItemCatMapper.selectByExample]-[DEBUG] ==> Parameters: 648(Long)
2018-01-03 17:42:43,171 [http-bio-8081-exec-7] [com.taotao.mapper.TbItemCatMapper.selectByExample]-[DEBUG] <==      Total: 11
2018-01-03 17:42:43,172 [http-bio-8081-exec-7] [org.mybatis.spring.SqlSessionUtils]-[DEBUG] Releasing transactional SqlSession [org.apache.ibatis.session.defaults.DefaultSqlSession@5cb2b47b]
2018-01-03 17:42:43,173 [http-bio-8081-exec-7] [org.mybatis.spring.SqlSessionUtils]-[DEBUG] Fetched SqlSession [org.apache.ibatis.session.defaults.DefaultSqlSession@5cb2b47b] from current transaction
2018-01-03 17:42:43,175 [http-bio-8081-exec-7] [com.taotao.mapper.TbItemCatMapper.selectByExample]-[DEBUG] ==>  Preparing: select id, parent_id, name, status, sort_order, is_parent, created, updated from tb_item_cat WHERE ( parent_id = ? ) 
2018-01-03 17:42:43,175 [http-bio-8081-exec-7] [com.taotao.mapper.TbItemCatMapper.selectByExample]-[DEBUG] ==> Parameters: 660(Long)
2018-01-03 17:42:43,176 [http-bio-8081-exec-7] [com.taotao.mapper.TbItemCatMapper.selectByExample]-[DEBUG] <==      Total: 6
2018-01-03 17:42:43,176 [http-bio-8081-exec-7] [org.mybatis.spring.SqlSessionUtils]-[DEBUG] Releasing transactional SqlSession [org.apache.ibatis.session.defaults.DefaultSqlSession@5cb2b47b]
2018-01-03 17:42:43,177 [http-bio-8081-exec-7] [org.mybatis.spring.SqlSessionUtils]-[DEBUG] Fetched SqlSession [org.apache.ibatis.session.defaults.DefaultSqlSession@5cb2b47b] from current transaction
2018-01-03 17:42:43,177 [http-bio-8081-exec-7] [com.taotao.mapper.TbItemCatMapper.selectByExample]-[DEBUG] ==>  Preparing: select id, parent_id, name, status, sort_order, is_parent, created, updated from tb_item_cat WHERE ( parent_id = ? ) 
2018-01-03 17:42:43,177 [http-bio-8081-exec-7] [com.taotao.mapper.TbItemCatMapper.selectByExample]-[DEBUG] ==> Parameters: 667(Long)
2018-01-03 17:42:43,180 [http-bio-8081-exec-7] [com.taotao.mapper.TbItemCatMapper.selectByExample]-[DEBUG] <==      Total: 15
2018-01-03 17:42:43,180 [http-bio-8081-exec-7] [org.mybatis.spring.SqlSessionUtils]-[DEBUG] Releasing transactional SqlSession [org.apache.ibatis.session.defaults.DefaultSqlSession@5cb2b47b]
2018-01-03 17:42:43,180 [http-bio-8081-exec-7] [org.mybatis.spring.SqlSessionUtils]-[DEBUG] Fetched SqlSession [org.apache.ibatis.session.defaults.DefaultSqlSession@5cb2b47b] from current transaction
2018-01-03 17:42:43,180 [http-bio-8081-exec-7] [com.taotao.mapper.TbItemCatMapper.selectByExample]-[DEBUG] ==>  Preparing: select id, parent_id, name, status, sort_order, is_parent, created, updated from tb_item_cat WHERE ( parent_id = ? ) 
2018-01-03 17:42:43,180 [http-bio-8081-exec-7] [com.taotao.mapper.TbItemCatMapper.selectByExample]-[DEBUG] ==> Parameters: 683(Long)
2018-01-03 17:42:43,181 [http-bio-8081-exec-7] [com.taotao.mapper.TbItemCatMapper.selectByExample]-[DEBUG] <==      Total: 7
2018-01-03 17:42:43,181 [http-bio-8081-exec-7] [org.mybatis.spring.SqlSessionUtils]-[DEBUG] Releasing transactional SqlSession [org.apache.ibatis.session.defaults.DefaultSqlSession@5cb2b47b]
2018-01-03 17:42:43,182 [http-bio-8081-exec-7] [org.mybatis.spring.SqlSessionUtils]-[DEBUG] Fetched SqlSession [org.apache.ibatis.session.defaults.DefaultSqlSession@5cb2b47b] from current transaction
2018-01-03 17:42:43,182 [http-bio-8081-exec-7] [com.taotao.mapper.TbItemCatMapper.selectByExample]-[DEBUG] ==>  Preparing: select id, parent_id, name, status, sort_order, is_parent, created, updated from tb_item_cat WHERE ( parent_id = ? ) 
2018-01-03 17:42:43,182 [http-bio-8081-exec-7] [com.taotao.mapper.TbItemCatMapper.selectByExample]-[DEBUG] ==> Parameters: 691(Long)
2018-01-03 17:42:43,183 [http-bio-8081-exec-7] [com.taotao.mapper.TbItemCatMapper.selectByExample]-[DEBUG] <==      Total: 7
2018-01-03 17:42:43,183 [http-bio-8081-exec-7] [org.mybatis.spring.SqlSessionUtils]-[DEBUG] Releasing transactional SqlSession [org.apache.ibatis.session.defaults.DefaultSqlSession@5cb2b47b]
2018-01-03 17:42:43,183 [http-bio-8081-exec-7] [org.mybatis.spring.SqlSessionUtils]-[DEBUG] Fetched SqlSession [org.apache.ibatis.session.defaults.DefaultSqlSession@5cb2b47b] from current transaction
2018-01-03 17:42:43,184 [http-bio-8081-exec-7] [com.taotao.mapper.TbItemCatMapper.selectByExample]-[DEBUG] ==>  Preparing: select id, parent_id, name, status, sort_order, is_parent, created, updated from tb_item_cat WHERE ( parent_id = ? ) 
2018-01-03 17:42:43,184 [http-bio-8081-exec-7] [com.taotao.mapper.TbItemCatMapper.selectByExample]-[DEBUG] ==> Parameters: 699(Long)
2018-01-03 17:42:43,187 [http-bio-8081-exec-7] [com.taotao.mapper.TbItemCatMapper.selectByExample]-[DEBUG] <==      Total: 6
2018-01-03 17:42:43,187 [http-bio-8081-exec-7] [org.mybatis.spring.SqlSessionUtils]-[DEBUG] Releasing transactional SqlSession [org.apache.ibatis.session.defaults.DefaultSqlSession@5cb2b47b]
2018-01-03 17:42:43,188 [http-bio-8081-exec-7] [org.mybatis.spring.SqlSessionUtils]-[DEBUG] Fetched SqlSession [org.apache.ibatis.session.defaults.DefaultSqlSession@5cb2b47b] from current transaction
2018-01-03 17:42:43,190 [http-bio-8081-exec-7] [com.taotao.mapper.TbItemCatMapper.selectByExample]-[DEBUG] ==>  Preparing: select id, parent_id, name, status, sort_order, is_parent, created, updated from tb_item_cat WHERE ( parent_id = ? ) 
2018-01-03 17:42:43,191 [http-bio-8081-exec-7] [com.taotao.mapper.TbItemCatMapper.selectByExample]-[DEBUG] ==> Parameters: 700(Long)
2018-01-03 17:42:43,194 [http-bio-8081-exec-7] [com.taotao.mapper.TbItemCatMapper.selectByExample]-[DEBUG] <==      Total: 10
2018-01-03 17:42:43,195 [http-bio-8081-exec-7] [org.mybatis.spring.SqlSessionUtils]-[DEBUG] Releasing transactional SqlSession [org.apache.ibatis.session.defaults.DefaultSqlSession@5cb2b47b]
2018-01-03 17:42:43,195 [http-bio-8081-exec-7] [org.mybatis.spring.SqlSessionUtils]-[DEBUG] Fetched SqlSession [org.apache.ibatis.session.defaults.DefaultSqlSession@5cb2b47b] from current transaction
2018-01-03 17:42:43,196 [http-bio-8081-exec-7] [com.taotao.mapper.TbItemCatMapper.selectByExample]-[DEBUG] ==>  Preparing: select id, parent_id, name, status, sort_order, is_parent, created, updated from tb_item_cat WHERE ( parent_id = ? ) 
2018-01-03 17:42:43,196 [http-bio-8081-exec-7] [com.taotao.mapper.TbItemCatMapper.selectByExample]-[DEBUG] ==> Parameters: 711(Long)
2018-01-03 17:42:43,197 [http-bio-8081-exec-7] [com.taotao.mapper.TbItemCatMapper.selectByExample]-[DEBUG] <==      Total: 6
2018-01-03 17:42:43,197 [http-bio-8081-exec-7] [org.mybatis.spring.SqlSessionUtils]-[DEBUG] Releasing transactional SqlSession [org.apache.ibatis.session.defaults.DefaultSqlSession@5cb2b47b]
2018-01-03 17:42:43,198 [http-bio-8081-exec-7] [org.mybatis.spring.SqlSessionUtils]-[DEBUG] Fetched SqlSession [org.apache.ibatis.session.defaults.DefaultSqlSession@5cb2b47b] from current transaction
2018-01-03 17:42:43,198 [http-bio-8081-exec-7] [com.taotao.mapper.TbItemCatMapper.selectByExample]-[DEBUG] ==>  Preparing: select id, parent_id, name, status, sort_order, is_parent, created, updated from tb_item_cat WHERE ( parent_id = ? ) 
2018-01-03 17:42:43,198 [http-bio-8081-exec-7] [com.taotao.mapper.TbItemCatMapper.selectByExample]-[DEBUG] ==> Parameters: 718(Long)
2018-01-03 17:42:43,199 [http-bio-8081-exec-7] [com.taotao.mapper.TbItemCatMapper.selectByExample]-[DEBUG] <==      Total: 5
2018-01-03 17:42:43,199 [http-bio-8081-exec-7] [org.mybatis.spring.SqlSessionUtils]-[DEBUG] Releasing transactional SqlSession [org.apache.ibatis.session.defaults.DefaultSqlSession@5cb2b47b]
2018-01-03 17:42:43,199 [http-bio-8081-exec-7] [org.mybatis.spring.SqlSessionUtils]-[DEBUG] Fetched SqlSession [org.apache.ibatis.session.defaults.DefaultSqlSession@5cb2b47b] from current transaction
2018-01-03 17:42:43,200 [http-bio-8081-exec-7] [com.taotao.mapper.TbItemCatMapper.selectByExample]-[DEBUG] ==>  Preparing: select id, parent_id, name, status, sort_order, is_parent, created, updated from tb_item_cat WHERE ( parent_id = ? ) 
2018-01-03 17:42:43,200 [http-bio-8081-exec-7] [com.taotao.mapper.TbItemCatMapper.selectByExample]-[DEBUG] ==> Parameters: 724(Long)
2018-01-03 17:42:43,201 [http-bio-8081-exec-7] [com.taotao.mapper.TbItemCatMapper.selectByExample]-[DEBUG] <==      Total: 8
2018-01-03 17:42:43,201 [http-bio-8081-exec-7] [org.mybatis.spring.SqlSessionUtils]-[DEBUG] Releasing transactional SqlSession [org.apache.ibatis.session.defaults.DefaultSqlSession@5cb2b47b]
2018-01-03 17:42:43,201 [http-bio-8081-exec-7] [org.mybatis.spring.SqlSessionUtils]-[DEBUG] Fetched SqlSession [org.apache.ibatis.session.defaults.DefaultSqlSession@5cb2b47b] from current transaction
2018-01-03 17:42:43,201 [http-bio-8081-exec-7] [com.taotao.mapper.TbItemCatMapper.selectByExample]-[DEBUG] ==>  Preparing: select id, parent_id, name, status, sort_order, is_parent, created, updated from tb_item_cat WHERE ( parent_id = ? ) 
2018-01-03 17:42:43,202 [http-bio-8081-exec-7] [com.taotao.mapper.TbItemCatMapper.selectByExample]-[DEBUG] ==> Parameters: 733(Long)
2018-01-03 17:42:43,203 [http-bio-8081-exec-7] [com.taotao.mapper.TbItemCatMapper.selectByExample]-[DEBUG] <==      Total: 5
2018-01-03 17:42:43,203 [http-bio-8081-exec-7] [org.mybatis.spring.SqlSessionUtils]-[DEBUG] Releasing transactional SqlSession [org.apache.ibatis.session.defaults.DefaultSqlSession@5cb2b47b]
2018-01-03 17:42:43,204 [http-bio-8081-exec-7] [org.mybatis.spring.SqlSessionUtils]-[DEBUG] Fetched SqlSession [org.apache.ibatis.session.defaults.DefaultSqlSession@5cb2b47b] from current transaction
2018-01-03 17:42:43,205 [http-bio-8081-exec-7] [com.taotao.mapper.TbItemCatMapper.selectByExample]-[DEBUG] ==>  Preparing: select id, parent_id, name, status, sort_order, is_parent, created, updated from tb_item_cat WHERE ( parent_id = ? ) 
2018-01-03 17:42:43,206 [http-bio-8081-exec-7] [com.taotao.mapper.TbItemCatMapper.selectByExample]-[DEBUG] ==> Parameters: 739(Long)
2018-01-03 17:42:43,209 [http-bio-8081-exec-7] [com.taotao.mapper.TbItemCatMapper.selectByExample]-[DEBUG] <==      Total: 9
2018-01-03 17:42:43,209 [http-bio-8081-exec-7] [org.mybatis.spring.SqlSessionUtils]-[DEBUG] Releasing transactional SqlSession [org.apache.ibatis.session.defaults.DefaultSqlSession@5cb2b47b]
2018-01-03 17:42:43,209 [http-bio-8081-exec-7] [org.mybatis.spring.SqlSessionUtils]-[DEBUG] Fetched SqlSession [org.apache.ibatis.session.defaults.DefaultSqlSession@5cb2b47b] from current transaction
2018-01-03 17:42:43,209 [http-bio-8081-exec-7] [com.taotao.mapper.TbItemCatMapper.selectByExample]-[DEBUG] ==>  Preparing: select id, parent_id, name, status, sort_order, is_parent, created, updated from tb_item_cat WHERE ( parent_id = ? ) 
2018-01-03 17:42:43,210 [http-bio-8081-exec-7] [com.taotao.mapper.TbItemCatMapper.selectByExample]-[DEBUG] ==> Parameters: 749(Long)
2018-01-03 17:42:43,210 [http-bio-8081-exec-7] [com.taotao.mapper.TbItemCatMapper.selectByExample]-[DEBUG] <==      Total: 4
2018-01-03 17:42:43,211 [http-bio-8081-exec-7] [org.mybatis.spring.SqlSessionUtils]-[DEBUG] Releasing transactional SqlSession [org.apache.ibatis.session.defaults.DefaultSqlSession@5cb2b47b]
2018-01-03 17:42:43,211 [http-bio-8081-exec-7] [org.mybatis.spring.SqlSessionUtils]-[DEBUG] Fetched SqlSession [org.apache.ibatis.session.defaults.DefaultSqlSession@5cb2b47b] from current transaction
2018-01-03 17:42:43,211 [http-bio-8081-exec-7] [com.taotao.mapper.TbItemCatMapper.selectByExample]-[DEBUG] ==>  Preparing: select id, parent_id, name, status, sort_order, is_parent, created, updated from tb_item_cat WHERE ( parent_id = ? ) 
2018-01-03 17:42:43,211 [http-bio-8081-exec-7] [com.taotao.mapper.TbItemCatMapper.selectByExample]-[DEBUG] ==> Parameters: 750(Long)
2018-01-03 17:42:43,214 [http-bio-8081-exec-7] [com.taotao.mapper.TbItemCatMapper.selectByExample]-[DEBUG] <==      Total: 33
2018-01-03 17:42:43,214 [http-bio-8081-exec-7] [org.mybatis.spring.SqlSessionUtils]-[DEBUG] Releasing transactional SqlSession [org.apache.ibatis.session.defaults.DefaultSqlSession@5cb2b47b]
2018-01-03 17:42:43,214 [http-bio-8081-exec-7] [org.mybatis.spring.SqlSessionUtils]-[DEBUG] Fetched SqlSession [org.apache.ibatis.session.defaults.DefaultSqlSession@5cb2b47b] from current transaction
2018-01-03 17:42:43,215 [http-bio-8081-exec-7] [com.taotao.mapper.TbItemCatMapper.selectByExample]-[DEBUG] ==>  Preparing: select id, parent_id, name, status, sort_order, is_parent, created, updated from tb_item_cat WHERE ( parent_id = ? ) 
2018-01-03 17:42:43,215 [http-bio-8081-exec-7] [com.taotao.mapper.TbItemCatMapper.selectByExample]-[DEBUG] ==> Parameters: 784(Long)
2018-01-03 17:42:43,218 [http-bio-8081-exec-7] [com.taotao.mapper.TbItemCatMapper.selectByExample]-[DEBUG] <==      Total: 28
2018-01-03 17:42:43,218 [http-bio-8081-exec-7] [org.mybatis.spring.SqlSessionUtils]-[DEBUG] Releasing transactional SqlSession [org.apache.ibatis.session.defaults.DefaultSqlSession@5cb2b47b]
2018-01-03 17:42:43,218 [http-bio-8081-exec-7] [org.mybatis.spring.SqlSessionUtils]-[DEBUG] Fetched SqlSession [org.apache.ibatis.session.defaults.DefaultSqlSession@5cb2b47b] from current transaction
2018-01-03 17:42:43,218 [http-bio-8081-exec-7] [com.taotao.mapper.TbItemCatMapper.selectByExample]-[DEBUG] ==>  Preparing: select id, parent_id, name, status, sort_order, is_parent, created, updated from tb_item_cat WHERE ( parent_id = ? ) 
2018-01-03 17:42:43,219 [http-bio-8081-exec-7] [com.taotao.mapper.TbItemCatMapper.selectByExample]-[DEBUG] ==> Parameters: 813(Long)
2018-01-03 17:42:43,221 [http-bio-8081-exec-7] [com.taotao.mapper.TbItemCatMapper.selectByExample]-[DEBUG] <==      Total: 22
2018-01-03 17:42:43,221 [http-bio-8081-exec-7] [org.mybatis.spring.SqlSessionUtils]-[DEBUG] Releasing transactional SqlSession [org.apache.ibatis.session.defaults.DefaultSqlSession@5cb2b47b]
2018-01-03 17:42:43,222 [http-bio-8081-exec-7] [org.mybatis.spring.SqlSessionUtils]-[DEBUG] Fetched SqlSession [org.apache.ibatis.session.defaults.DefaultSqlSession@5cb2b47b] from current transaction
2018-01-03 17:42:43,222 [http-bio-8081-exec-7] [com.taotao.mapper.TbItemCatMapper.selectByExample]-[DEBUG] ==>  Preparing: select id, parent_id, name, status, sort_order, is_parent, created, updated from tb_item_cat WHERE ( parent_id = ? ) 
2018-01-03 17:42:43,222 [http-bio-8081-exec-7] [com.taotao.mapper.TbItemCatMapper.selectByExample]-[DEBUG] ==> Parameters: 836(Long)
2018-01-03 17:42:43,225 [http-bio-8081-exec-7] [com.taotao.mapper.TbItemCatMapper.selectByExample]-[DEBUG] <==      Total: 28
2018-01-03 17:42:43,226 [http-bio-8081-exec-7] [org.mybatis.spring.SqlSessionUtils]-[DEBUG] Releasing transactional SqlSession [org.apache.ibatis.session.defaults.DefaultSqlSession@5cb2b47b]
2018-01-03 17:42:43,227 [http-bio-8081-exec-7] [org.mybatis.spring.SqlSessionUtils]-[DEBUG] Transaction synchronization deregistering SqlSession [org.apache.ibatis.session.defaults.DefaultSqlSession@5cb2b47b]
2018-01-03 17:42:43,227 [http-bio-8081-exec-7] [org.mybatis.spring.SqlSessionUtils]-[DEBUG] Transaction synchronization closing SqlSession [org.apache.ibatis.session.defaults.DefaultSqlSession@5cb2b47b]
2018-01-03 17:42:43,227 [http-bio-8081-exec-7] [org.springframework.jdbc.datasource.DataSourceUtils]-[DEBUG] Returning JDBC Connection to DataSource
2018-01-03 17:42:43,227 [http-bio-8081-exec-7] [org.springframework.web.servlet.mvc.method.annotation.ResponseBodyAdviceChain]-[DEBUG] Invoking ResponseBodyAdvice chain for body=org.springframework.http.converter.json.MappingJacksonValue@646a6e3d
2018-01-03 17:42:43,228 [http-bio-8081-exec-7] [org.springframework.web.servlet.mvc.method.annotation.ResponseBodyAdviceChain]-[DEBUG] After ResponseBodyAdvice chain body=org.springframework.http.converter.json.MappingJacksonValue@646a6e3d
2018-01-03 17:42:43,233 [http-bio-8081-exec-7] [org.springframework.web.servlet.mvc.method.annotation.RequestResponseBodyMethodProcessor]-[DEBUG] Written [org.springframework.http.converter.json.MappingJacksonValue@646a6e3d] as "application/json;charset=UTF-8" using [org.springframework.http.converter.json.MappingJackson2HttpMessageConverter@4043b48]
2018-01-03 17:42:43,234 [http-bio-8081-exec-7] [org.springframework.web.servlet.DispatcherServlet]-[DEBUG] Null ModelAndView returned to DispatcherServlet with name 'taotao-manager': assuming HandlerAdapter completed request handling
2018-01-03 17:42:43,234 [http-bio-8081-exec-7] [org.springframework.web.servlet.DispatcherServlet]-[DEBUG] Successfully completed request
2018-01-03 17:42:43,774 [http-bio-8081-exec-2] [org.springframework.web.servlet.DispatcherServlet]-[DEBUG] DispatcherServlet with name 'taotao-manager' processing GET request for [/rest//content/list/89]
2018-01-03 17:42:43,774 [http-bio-8081-exec-2] [org.springframework.web.servlet.mvc.method.annotation.RequestMappingHandlerMapping]-[DEBUG] Looking up handler method for path //content/list/89
2018-01-03 17:42:43,775 [http-bio-8081-exec-2] [org.springframework.web.servlet.mvc.method.annotation.RequestMappingHandlerMapping]-[DEBUG] Returning handler method [public com.taotao.common.pojo.TaotaoResult com.taotao.rest.controller.ContentController.getContentList(long)]
2018-01-03 17:42:43,775 [http-bio-8081-exec-2] [org.springframework.beans.factory.support.DefaultListableBeanFactory]-[DEBUG] Returning cached instance of singleton bean 'contentController'
2018-01-03 17:42:43,775 [http-bio-8081-exec-2] [org.springframework.web.servlet.DispatcherServlet]-[DEBUG] Last-Modified value for [/rest//content/list/89] is: -1
2018-01-03 17:42:45,779 [http-bio-8081-exec-2] [org.mybatis.spring.SqlSessionUtils]-[DEBUG] Creating a new SqlSession
2018-01-03 17:42:45,780 [http-bio-8081-exec-2] [org.mybatis.spring.SqlSessionUtils]-[DEBUG] Registering transaction synchronization for SqlSession [org.apache.ibatis.session.defaults.DefaultSqlSession@4e1579b2]
2018-01-03 17:42:45,783 [http-bio-8081-exec-2] [org.springframework.jdbc.datasource.DataSourceUtils]-[DEBUG] Fetching JDBC Connection from DataSource
2018-01-03 17:42:45,784 [http-bio-8081-exec-2] [org.springframework.jdbc.datasource.DataSourceUtils]-[DEBUG] Registering transaction synchronization for JDBC Connection
2018-01-03 17:42:45,784 [http-bio-8081-exec-2] [org.mybatis.spring.transaction.SpringManagedTransaction]-[DEBUG] JDBC Connection [com.mysql.jdbc.JDBC4Connection@1ea25fd5] will be managed by Spring
2018-01-03 17:42:45,785 [http-bio-8081-exec-2] [com.taotao.mapper.TbContentMapper.selectByExample]-[DEBUG] ==>  Preparing: select id, category_id, title, sub_title, title_desc, url, pic, pic2, created, updated from tb_content WHERE ( category_id = ? ) 
2018-01-03 17:42:45,785 [http-bio-8081-exec-2] [com.taotao.mapper.TbContentMapper.selectByExample]-[DEBUG] ==> Parameters: 89(Long)
2018-01-03 17:42:45,787 [http-bio-8081-exec-2] [com.taotao.mapper.TbContentMapper.selectByExample]-[DEBUG] <==      Total: 4
2018-01-03 17:42:45,788 [http-bio-8081-exec-2] [org.mybatis.spring.SqlSessionUtils]-[DEBUG] Releasing transactional SqlSession [org.apache.ibatis.session.defaults.DefaultSqlSession@4e1579b2]
2018-01-03 17:42:47,791 [http-bio-8081-exec-2] [org.mybatis.spring.SqlSessionUtils]-[DEBUG] Transaction synchronization deregistering SqlSession [org.apache.ibatis.session.defaults.DefaultSqlSession@4e1579b2]
2018-01-03 17:42:47,791 [http-bio-8081-exec-2] [org.mybatis.spring.SqlSessionUtils]-[DEBUG] Transaction synchronization closing SqlSession [org.apache.ibatis.session.defaults.DefaultSqlSession@4e1579b2]
2018-01-03 17:42:47,791 [http-bio-8081-exec-2] [org.springframework.jdbc.datasource.DataSourceUtils]-[DEBUG] Returning JDBC Connection to DataSource
2018-01-03 17:42:47,792 [http-bio-8081-exec-2] [org.springframework.web.servlet.mvc.method.annotation.ResponseBodyAdviceChain]-[DEBUG] Invoking ResponseBodyAdvice chain for body=com.taotao.common.pojo.TaotaoResult@5bc5cfde
2018-01-03 17:42:47,792 [http-bio-8081-exec-2] [org.springframework.web.servlet.mvc.method.annotation.ResponseBodyAdviceChain]-[DEBUG] After ResponseBodyAdvice chain body=com.taotao.common.pojo.TaotaoResult@5bc5cfde
2018-01-03 17:42:47,793 [http-bio-8081-exec-2] [org.springframework.web.servlet.mvc.method.annotation.RequestResponseBodyMethodProcessor]-[DEBUG] Written [com.taotao.common.pojo.TaotaoResult@5bc5cfde] as "application/json;charset=UTF-8" using [org.springframework.http.converter.json.MappingJackson2HttpMessageConverter@4043b48]
2018-01-03 17:42:47,794 [http-bio-8081-exec-2] [org.springframework.web.servlet.DispatcherServlet]-[DEBUG] Null ModelAndView returned to DispatcherServlet with name 'taotao-manager': assuming HandlerAdapter completed request handling
2018-01-03 17:42:47,797 [http-bio-8081-exec-2] [org.springframework.web.servlet.DispatcherServlet]-[DEBUG] Successfully completed request
2018-01-03 17:43:12,898 [http-bio-8081-exec-5] [org.springframework.web.servlet.DispatcherServlet]-[DEBUG] DispatcherServlet with name 'taotao-manager' processing GET request for [/rest//content/list/89]
2018-01-03 17:43:12,899 [http-bio-8081-exec-5] [org.springframework.web.servlet.mvc.method.annotation.RequestMappingHandlerMapping]-[DEBUG] Looking up handler method for path //content/list/89
2018-01-03 17:43:12,899 [http-bio-8081-exec-5] [org.springframework.web.servlet.mvc.method.annotation.RequestMappingHandlerMapping]-[DEBUG] Returning handler method [public com.taotao.common.pojo.TaotaoResult com.taotao.rest.controller.ContentController.getContentList(long)]
2018-01-03 17:43:12,899 [http-bio-8081-exec-5] [org.springframework.beans.factory.support.DefaultListableBeanFactory]-[DEBUG] Returning cached instance of singleton bean 'contentController'
2018-01-03 17:43:12,899 [http-bio-8081-exec-5] [org.springframework.web.servlet.DispatcherServlet]-[DEBUG] Last-Modified value for [/rest//content/list/89] is: -1
2018-01-03 17:43:14,902 [http-bio-8081-exec-5] [org.mybatis.spring.SqlSessionUtils]-[DEBUG] Creating a new SqlSession
2018-01-03 17:43:14,902 [http-bio-8081-exec-5] [org.mybatis.spring.SqlSessionUtils]-[DEBUG] Registering transaction synchronization for SqlSession [org.apache.ibatis.session.defaults.DefaultSqlSession@63be7d8e]
2018-01-03 17:43:14,903 [http-bio-8081-exec-5] [org.springframework.jdbc.datasource.DataSourceUtils]-[DEBUG] Fetching JDBC Connection from DataSource
2018-01-03 17:43:14,903 [http-bio-8081-exec-5] [org.springframework.jdbc.datasource.DataSourceUtils]-[DEBUG] Registering transaction synchronization for JDBC Connection
2018-01-03 17:43:14,903 [http-bio-8081-exec-5] [org.mybatis.spring.transaction.SpringManagedTransaction]-[DEBUG] JDBC Connection [com.mysql.jdbc.JDBC4Connection@1ea25fd5] will be managed by Spring
2018-01-03 17:43:14,903 [http-bio-8081-exec-5] [com.taotao.mapper.TbContentMapper.selectByExample]-[DEBUG] ==>  Preparing: select id, category_id, title, sub_title, title_desc, url, pic, pic2, created, updated from tb_content WHERE ( category_id = ? ) 
2018-01-03 17:43:14,904 [http-bio-8081-exec-5] [com.taotao.mapper.TbContentMapper.selectByExample]-[DEBUG] ==> Parameters: 89(Long)
2018-01-03 17:43:14,908 [http-bio-8081-exec-5] [com.taotao.mapper.TbContentMapper.selectByExample]-[DEBUG] <==      Total: 4
2018-01-03 17:43:14,908 [http-bio-8081-exec-5] [org.mybatis.spring.SqlSessionUtils]-[DEBUG] Releasing transactional SqlSession [org.apache.ibatis.session.defaults.DefaultSqlSession@63be7d8e]
2018-01-03 17:43:16,909 [http-bio-8081-exec-5] [org.mybatis.spring.SqlSessionUtils]-[DEBUG] Transaction synchronization deregistering SqlSession [org.apache.ibatis.session.defaults.DefaultSqlSession@63be7d8e]
2018-01-03 17:43:16,909 [http-bio-8081-exec-5] [org.mybatis.spring.SqlSessionUtils]-[DEBUG] Transaction synchronization closing SqlSession [org.apache.ibatis.session.defaults.DefaultSqlSession@63be7d8e]
2018-01-03 17:43:16,910 [http-bio-8081-exec-5] [org.springframework.jdbc.datasource.DataSourceUtils]-[DEBUG] Returning JDBC Connection to DataSource
2018-01-03 17:43:16,910 [http-bio-8081-exec-5] [org.springframework.web.servlet.mvc.method.annotation.ResponseBodyAdviceChain]-[DEBUG] Invoking ResponseBodyAdvice chain for body=com.taotao.common.pojo.TaotaoResult@6f554f2a
2018-01-03 17:43:16,910 [http-bio-8081-exec-5] [org.springframework.web.servlet.mvc.method.annotation.ResponseBodyAdviceChain]-[DEBUG] After ResponseBodyAdvice chain body=com.taotao.common.pojo.TaotaoResult@6f554f2a
2018-01-03 17:43:16,910 [http-bio-8081-exec-5] [org.springframework.web.servlet.mvc.method.annotation.RequestResponseBodyMethodProcessor]-[DEBUG] Written [com.taotao.common.pojo.TaotaoResult@6f554f2a] as "application/json;charset=UTF-8" using [org.springframework.http.converter.json.MappingJackson2HttpMessageConverter@4043b48]
2018-01-03 17:43:16,910 [http-bio-8081-exec-5] [org.springframework.web.servlet.DispatcherServlet]-[DEBUG] Null ModelAndView returned to DispatcherServlet with name 'taotao-manager': assuming HandlerAdapter completed request handling
2018-01-03 17:43:16,910 [http-bio-8081-exec-5] [org.springframework.web.servlet.DispatcherServlet]-[DEBUG] Successfully completed request
2018-01-03 17:43:26,022 [http-bio-8081-exec-9] [org.springframework.web.servlet.DispatcherServlet]-[DEBUG] DispatcherServlet with name 'taotao-manager' processing GET request for [/rest//content/list/89]
2018-01-03 17:43:26,022 [http-bio-8081-exec-9] [org.springframework.web.servlet.mvc.method.annotation.RequestMappingHandlerMapping]-[DEBUG] Looking up handler method for path //content/list/89
2018-01-03 17:43:26,022 [http-bio-8081-exec-9] [org.springframework.web.servlet.mvc.method.annotation.RequestMappingHandlerMapping]-[DEBUG] Returning handler method [public com.taotao.common.pojo.TaotaoResult com.taotao.rest.controller.ContentController.getContentList(long)]
2018-01-03 17:43:26,022 [http-bio-8081-exec-9] [org.springframework.beans.factory.support.DefaultListableBeanFactory]-[DEBUG] Returning cached instance of singleton bean 'contentController'
2018-01-03 17:43:26,022 [http-bio-8081-exec-9] [org.springframework.web.servlet.DispatcherServlet]-[DEBUG] Last-Modified value for [/rest//content/list/89] is: -1
2018-01-03 17:43:28,026 [http-bio-8081-exec-9] [org.mybatis.spring.SqlSessionUtils]-[DEBUG] Creating a new SqlSession
2018-01-03 17:43:28,027 [http-bio-8081-exec-9] [org.mybatis.spring.SqlSessionUtils]-[DEBUG] Registering transaction synchronization for SqlSession [org.apache.ibatis.session.defaults.DefaultSqlSession@7c6edc5f]
2018-01-03 17:43:28,027 [http-bio-8081-exec-9] [org.springframework.jdbc.datasource.DataSourceUtils]-[DEBUG] Fetching JDBC Connection from DataSource
2018-01-03 17:43:28,027 [http-bio-8081-exec-9] [org.springframework.jdbc.datasource.DataSourceUtils]-[DEBUG] Registering transaction synchronization for JDBC Connection
2018-01-03 17:43:28,027 [http-bio-8081-exec-9] [org.mybatis.spring.transaction.SpringManagedTransaction]-[DEBUG] JDBC Connection [com.mysql.jdbc.JDBC4Connection@1ea25fd5] will be managed by Spring
2018-01-03 17:43:28,027 [http-bio-8081-exec-9] [com.taotao.mapper.TbContentMapper.selectByExample]-[DEBUG] ==>  Preparing: select id, category_id, title, sub_title, title_desc, url, pic, pic2, created, updated from tb_content WHERE ( category_id = ? ) 
2018-01-03 17:43:28,028 [http-bio-8081-exec-9] [com.taotao.mapper.TbContentMapper.selectByExample]-[DEBUG] ==> Parameters: 89(Long)
2018-01-03 17:43:28,029 [http-bio-8081-exec-9] [com.taotao.mapper.TbContentMapper.selectByExample]-[DEBUG] <==      Total: 4
2018-01-03 17:43:28,029 [http-bio-8081-exec-9] [org.mybatis.spring.SqlSessionUtils]-[DEBUG] Releasing transactional SqlSession [org.apache.ibatis.session.defaults.DefaultSqlSession@7c6edc5f]
2018-01-03 17:43:30,032 [http-bio-8081-exec-9] [org.mybatis.spring.SqlSessionUtils]-[DEBUG] Transaction synchronization deregistering SqlSession [org.apache.ibatis.session.defaults.DefaultSqlSession@7c6edc5f]
2018-01-03 17:43:30,032 [http-bio-8081-exec-9] [org.mybatis.spring.SqlSessionUtils]-[DEBUG] Transaction synchronization closing SqlSession [org.apache.ibatis.session.defaults.DefaultSqlSession@7c6edc5f]
2018-01-03 17:43:30,032 [http-bio-8081-exec-9] [org.springframework.jdbc.datasource.DataSourceUtils]-[DEBUG] Returning JDBC Connection to DataSource
2018-01-03 17:43:30,032 [http-bio-8081-exec-9] [org.springframework.web.servlet.mvc.method.annotation.ResponseBodyAdviceChain]-[DEBUG] Invoking ResponseBodyAdvice chain for body=com.taotao.common.pojo.TaotaoResult@3b32215f
2018-01-03 17:43:30,033 [http-bio-8081-exec-9] [org.springframework.web.servlet.mvc.method.annotation.ResponseBodyAdviceChain]-[DEBUG] After ResponseBodyAdvice chain body=com.taotao.common.pojo.TaotaoResult@3b32215f
2018-01-03 17:43:30,033 [http-bio-8081-exec-9] [org.springframework.web.servlet.mvc.method.annotation.RequestResponseBodyMethodProcessor]-[DEBUG] Written [com.taotao.common.pojo.TaotaoResult@3b32215f] as "application/json;charset=UTF-8" using [org.springframework.http.converter.json.MappingJackson2HttpMessageConverter@4043b48]
2018-01-03 17:43:30,033 [http-bio-8081-exec-9] [org.springframework.web.servlet.DispatcherServlet]-[DEBUG] Null ModelAndView returned to DispatcherServlet with name 'taotao-manager': assuming HandlerAdapter completed request handling
2018-01-03 17:43:30,033 [http-bio-8081-exec-9] [org.springframework.web.servlet.DispatcherServlet]-[DEBUG] Successfully completed request
